<?xml version="1.0" encoding="UTF-8"?>
<!-- Generated by org.testng.reporters.JUnitXMLReporter -->
<testsuite ignored="0" hostname="LAPTOP-NBCD1KMT" failures="0" tests="3" name="Default test" time="22.728" errors="0" timestamp="2023-11-01T04:36:48 IST">
  <testcase classname="TestCase.TestCase3" name="intialize" time="6.364"/>
  <testcase classname="TestCase.TestCase3" name="SignIn" time="3.304"/>
  <testcase classname="TestCase.TestCase3" name="SignOut" time="12.889"/>
</testsuite> <!-- Default test -->
